# JRE version: Java(TM) SE Runtime Environment (8.0_45-b15) (build 1.8.0_45-b15)
# Java VM: Java HotSpot(TM) 64-Bit Server VM (25.45-b02 mixed mode windows-amd64 compressed oops)
Heap:
 PSYoungGen      total 44032K, used 9970K [0x00000000eab00000, 0x00000000eee80000, 0x0000000100000000)
  eden space 24064K, 21% used [0x00000000eab00000,0x00000000eaffa190,0x00000000ec280000)
  from space 19968K, 24% used [0x00000000edb00000,0x00000000edfc2830,0x00000000eee80000)
  to   space 22528K, 0% used [0x00000000ec280000,0x00000000ec280000,0x00000000ed880000)
 ParOldGen       total 69120K, used 21513K [0x00000000c0000000, 0x00000000c4380000, 0x00000000eab00000)
  object space 69120K, 31% used [0x00000000c0000000,0x00000000c1502498,0x00000000c4380000)
 Metaspace       used 23159K, capacity 23904K, committed 24192K, reserved 1071104K
  class space    used 3226K, capacity 3397K, committed 3456K, reserved 1048576K
GC Heap History (10 events):
Event: 4.092 GC heap before
{Heap before GC invocations=3 (full 0):
 PSYoungGen      total 18944K, used 18912K [0x00000000eab00000, 0x00000000ec000000, 0x0000000100000000)
  eden space 16384K, 100% used [0x00000000eab00000,0x00000000ebb00000,0x00000000ebb00000)
  from space 2560K, 98% used [0x00000000ebd80000,0x00000000ebff81c8,0x00000000ec000000)
  to   space 2560K, 0% used [0x00000000ebb00000,0x00000000ebb00000,0x00000000ebd80000)
 ParOldGen       total 44032K, used 6082K [0x00000000c0000000, 0x00000000c2b00000, 0x00000000eab00000)
  object space 44032K, 13% used [0x00000000c0000000,0x00000000c05f0840,0x00000000c2b00000)
 Metaspace       used 14487K, capacity 15210K, committed 15360K, reserved 1062912K
  class space    used 2021K, capacity 2200K, committed 2304K, reserved 1048576K
Event: 4.111 GC heap after
Heap after GC invocations=3 (full 0):
 PSYoungGen      total 18944K, used 2554K [0x00000000eab00000, 0x00000000ec000000, 0x0000000100000000)
  eden space 16384K, 0% used [0x00000000eab00000,0x00000000eab00000,0x00000000ebb00000)
  from space 2560K, 99% used [0x00000000ebb00000,0x00000000ebd7e848,0x00000000ebd80000)
  to   space 2560K, 0% used [0x00000000ebd80000,0x00000000ebd80000,0x00000000ec000000)
 ParOldGen       total 44032K, used 26933K [0x00000000c0000000, 0x00000000c2b00000, 0x00000000eab00000)
  object space 44032K, 61% used [0x00000000c0000000,0x00000000c1a4d750,0x00000000c2b00000)
 Metaspace       used 14487K, capacity 15210K, committed 15360K, reserved 1062912K
  class space    used 2021K, capacity 2200K, committed 2304K, reserved 1048576K
}
Event: 4.111 GC heap before
{Heap before GC invocations=4 (full 1):
 PSYoungGen      total 18944K, used 2554K [0x00000000eab00000, 0x00000000ec000000, 0x0000000100000000)
  eden space 16384K, 0% used [0x00000000eab00000,0x00000000eab00000,0x00000000ebb00000)
  from space 2560K, 99% used [0x00000000ebb00000,0x00000000ebd7e848,0x00000000ebd80000)
  to   space 2560K, 0% used [0x00000000ebd80000,0x00000000ebd80000,0x00000000ec000000)
 ParOldGen       total 44032K, used 26933K [0x00000000c0000000, 0x00000000c2b00000, 0x00000000eab00000)
  object space 44032K, 61% used [0x00000000c0000000,0x00000000c1a4d750,0x00000000c2b00000)
 Metaspace       used 14487K, capacity 15210K, committed 15360K, reserved 1062912K
  class space    used 2021K, capacity 2200K, committed 2304K, reserved 1048576K
Event: 4.142 GC heap after
Heap after GC invocations=4 (full 1):
 PSYoungGen      total 18944K, used 0K [0x00000000eab00000, 0x00000000ec000000, 0x0000000100000000)
  eden space 16384K, 0% used [0x00000000eab00000,0x00000000eab00000,0x00000000ebb00000)
  from space 2560K, 0% used [0x00000000ebb00000,0x00000000ebb00000,0x00000000ebd80000)
  to   space 2560K, 0% used [0x00000000ebd80000,0x00000000ebd80000,0x00000000ec000000)
 ParOldGen       total 69120K, used 21003K [0x00000000c0000000, 0x00000000c4380000, 0x00000000eab00000)
  object space 69120K, 30% used [0x00000000c0000000,0x00000000c1482c50,0x00000000c4380000)
 Metaspace       used 14487K, capacity 15210K, committed 15360K, reserved 1062912K
  class space    used 2021K, capacity 2200K, committed 2304K, reserved 1048576K
}
Event: 4.794 GC heap before
{Heap before GC invocations=5 (full 1):
 PSYoungGen      total 18944K, used 16384K [0x00000000eab00000, 0x00000000ec000000, 0x0000000100000000)
  eden space 16384K, 100% used [0x00000000eab00000,0x00000000ebb00000,0x00000000ebb00000)
  from space 2560K, 0% used [0x00000000ebb00000,0x00000000ebb00000,0x00000000ebd80000)
  to   space 2560K, 0% used [0x00000000ebd80000,0x00000000ebd80000,0x00000000ec000000)
 ParOldGen       total 69120K, used 21003K [0x00000000c0000000, 0x00000000c4380000, 0x00000000eab00000)
  object space 69120K, 30% used [0x00000000c0000000,0x00000000c1482c50,0x00000000c4380000)
 Metaspace       used 17358K, capacity 18090K, committed 18304K, reserved 1064960K
  class space    used 2394K, capacity 2584K, committed 2688K, reserved 1048576K
Event: 4.798 GC heap after
Heap after GC invocations=5 (full 1):
 PSYoungGen      total 18944K, used 2396K [0x00000000eab00000, 0x00000000ec880000, 0x0000000100000000)
  eden space 16384K, 0% used [0x00000000eab00000,0x00000000eab00000,0x00000000ebb00000)
  from space 2560K, 93% used [0x00000000ebd80000,0x00000000ebfd7008,0x00000000ec000000)
  to   space 2560K, 0% used [0x00000000ebb00000,0x00000000ebb00000,0x00000000ebd80000)
 ParOldGen       total 69120K, used 21011K [0x00000000c0000000, 0x00000000c4380000, 0x00000000eab00000)
  object space 69120K, 30% used [0x00000000c0000000,0x00000000c1484c50,0x00000000c4380000)
 Metaspace       used 17358K, capacity 18090K, committed 18304K, reserved 1064960K
  class space    used 2394K, capacity 2584K, committed 2688K, reserved 1048576K
}
Event: 5.442 GC heap before
{Heap before GC invocations=6 (full 1):
 PSYoungGen      total 18944K, used 18780K [0x00000000eab00000, 0x00000000ec880000, 0x0000000100000000)
  eden space 16384K, 100% used [0x00000000eab00000,0x00000000ebb00000,0x00000000ebb00000)
  from space 2560K, 93% used [0x00000000ebd80000,0x00000000ebfd7008,0x00000000ec000000)
  to   space 2560K, 0% used [0x00000000ebb00000,0x00000000ebb00000,0x00000000ebd80000)
 ParOldGen       total 69120K, used 21011K [0x00000000c0000000, 0x00000000c4380000, 0x00000000eab00000)
  object space 69120K, 30% used [0x00000000c0000000,0x00000000c1484c50,0x00000000c4380000)
 Metaspace       used 20291K, capacity 20974K, committed 21248K, reserved 1067008K
  class space    used 2835K, capacity 3006K, committed 3072K, reserved 1048576K
Event: 5.447 GC heap after
Heap after GC invocations=6 (full 1):
 PSYoungGen      total 18944K, used 2554K [0x00000000eab00000, 0x00000000ef280000, 0x0000000100000000)
  eden space 16384K, 0% used [0x00000000eab00000,0x00000000eab00000,0x00000000ebb00000)
  from space 2560K, 99% used [0x00000000ebb00000,0x00000000ebd7ea48,0x00000000ebd80000)
  to   space 24064K, 0% used [0x00000000edb00000,0x00000000edb00000,0x00000000ef280000)
 ParOldGen       total 69120K, used 21486K [0x00000000c0000000, 0x00000000c4380000, 0x00000000eab00000)
  object space 69120K, 31% used [0x00000000c0000000,0x00000000c14fb848,0x00000000c4380000)
 Metaspace       used 20291K, capacity 20974K, committed 21248K, reserved 1067008K
  class space    used 2835K, capacity 3006K, committed 3072K, reserved 1048576K
}
Event: 8.775 GC heap before
{Heap before GC invocations=7 (full 1):
 PSYoungGen      total 18944K, used 18938K [0x00000000eab00000, 0x00000000ef280000, 0x0000000100000000)
  eden space 16384K, 100% used [0x00000000eab00000,0x00000000ebb00000,0x00000000ebb00000)
  from space 2560K, 99% used [0x00000000ebb00000,0x00000000ebd7ea48,0x00000000ebd80000)
  to   space 24064K, 0% used [0x00000000edb00000,0x00000000edb00000,0x00000000ef280000)
 ParOldGen       total 69120K, used 21486K [0x00000000c0000000, 0x00000000c4380000, 0x00000000eab00000)
  object space 69120K, 31% used [0x00000000c0000000,0x00000000c14fb848,0x00000000c4380000)
 Metaspace       used 22818K, capacity 23540K, committed 23936K, reserved 1069056K
  class space    used 3217K, capacity 3391K, committed 3456K, reserved 1048576K
Event: 8.784 GC heap after
Heap after GC invocations=7 (full 1):
 PSYoungGen      total 44032K, used 4874K [0x00000000eab00000, 0x00000000eee80000, 0x0000000100000000)
  eden space 24064K, 0% used [0x00000000eab00000,0x00000000eab00000,0x00000000ec280000)
  from space 19968K, 24% used [0x00000000edb00000,0x00000000edfc2830,0x00000000eee80000)
  to   space 22528K, 0% used [0x00000000ec280000,0x00000000ec280000,0x00000000ed880000)
 ParOldGen       total 69120K, used 21513K [0x00000000c0000000, 0x00000000c4380000, 0x00000000eab00000)
  object space 69120K, 31% used [0x00000000c0000000,0x00000000c1502498,0x00000000c4380000)
 Metaspace       used 22818K, capacity 23540K, committed 23936K, reserved 1069056K
  class space    used 3217K, capacity 3391K, committed 3456K, reserved 1048576K
}

